2023.11.12 07:16:36 INFO  Started: Metals version 1.1.0 in folders 'C:\Users\sujee\OneDrive\Documents\bigdata_and_hadoop\scala\spark-sbt-dev' for client Visual Studio Code 1.83.1.
2023.11.12 07:16:39 WARN  Build server is not auto-connectable.
2023.11.12 07:16:39 WARN  no build target for: C:\Users\sujee\OneDrive\Documents\bigdata_and_hadoop\scala\spark-sbt-dev\src\main\scala\com\suanki\tutorials\Exercise\PlayGround.scala
2023.11.12 07:16:48 INFO  no build target found for C:\Users\sujee\OneDrive\Documents\bigdata_and_hadoop\scala\spark-sbt-dev\src\main\scala\com\suanki\tutorials\Exercise\PlayGround.scala. Using presentation compiler with project's scala-library version: 3.3.1
2023.11.12 07:16:50 INFO  running 'C:\Program Files\Java\jdk-11.0.10\bin\java.exe -Djline.terminal=jline.UnsupportedTerminal -Dsbt.log.noformat=true -Dfile.encoding=UTF-8 -jar C:\Users\sujee\AppData\Local\Temp\metals10714997025557960455\sbt-launch.jar -Dbloop.export-jar-classifiers=sources bloopInstall'
2023.11.12 07:16:52 INFO  time: code lens generation in 13s
2023.11.12 07:16:52 INFO  time: code lens generation in 1.95s
2023.11.12 07:16:52 INFO  time: code lens generation in 8.64s
2023.11.12 07:16:58 INFO  sbt thinks that server is already booting because of this exception:
2023.11.12 07:16:58 ERROR sbt.internal.ServerAlreadyBootingException: java.io.IOException: Could not create lock for \\.\pipe\sbt-load-1608107972666842151_lock, error 5
2023.11.12 07:16:58 ERROR 	at sbt.internal.BootServerSocket.newSocket(BootServerSocket.java:357)
2023.11.12 07:16:58 ERROR 	at sbt.internal.BootServerSocket.<init>(BootServerSocket.java:296)
2023.11.12 07:16:58 ERROR 	at sbt.xMain$.getSocketOrExit(Main.scala:152)
2023.11.12 07:16:58 ERROR 	at sbt.xMain$.bootServerSocket$lzycompute$1(Main.scala:78)
2023.11.12 07:16:58 ERROR 	at sbt.xMain$.bootServerSocket$1(Main.scala:78)
2023.11.12 07:16:58 ERROR 	at sbt.xMain$.withStreams$1(Main.scala:86)
2023.11.12 07:16:58 ERROR 	at sbt.xMain$.run(Main.scala:123)
2023.11.12 07:16:58 ERROR 	at java.base/jdk.internal.reflect.NativeMethodAccessorImpl.invoke0(Native Method)
2023.11.12 07:16:58 ERROR 	at java.base/jdk.internal.reflect.NativeMethodAccessorImpl.invoke(NativeMethodAccessorImpl.java:62)
2023.11.12 07:16:58 ERROR 	at java.base/jdk.internal.reflect.DelegatingMethodAccessorImpl.invoke(DelegatingMethodAccessorImpl.java:43)
2023.11.12 07:16:58 ERROR 	at java.base/java.lang.reflect.Method.invoke(Method.java:566)
2023.11.12 07:16:58 ERROR 	at sbt.internal.XMainConfiguration.run(XMainConfiguration.java:59)
2023.11.12 07:16:58 ERROR 	at sbt.xMain.run(Main.scala:47)
2023.11.12 07:16:58 ERROR 	at xsbt.boot.Launch$.$anonfun$run$1(Launch.scala:149)
2023.11.12 07:16:58 ERROR 	at xsbt.boot.Launch$.withContextLoader(Launch.scala:176)
2023.11.12 07:16:58 ERROR 	at xsbt.boot.Launch$.run(Launch.scala:149)
2023.11.12 07:16:58 ERROR 	at xsbt.boot.Launch$.$anonfun$apply$1(Launch.scala:44)
2023.11.12 07:16:58 ERROR 	at xsbt.boot.Launch$.launch(Launch.scala:159)
2023.11.12 07:16:58 ERROR 	at xsbt.boot.Launch$.apply(Launch.scala:44)
2023.11.12 07:16:58 ERROR 	at xsbt.boot.Launch$.apply(Launch.scala:21)
2023.11.12 07:16:58 ERROR 	at xsbt.boot.Boot$.runImpl(Boot.scala:78)
2023.11.12 07:16:58 ERROR 	at xsbt.boot.Boot$.run(Boot.scala:73)
2023.11.12 07:16:58 ERROR 	at xsbt.boot.Boot$.main(Boot.scala:21)
2023.11.12 07:16:58 ERROR 	at xsbt.boot.Boot.main(Boot.scala)
2023.11.12 07:16:58 ERROR Caused by: java.io.IOException: Could not create lock for \\.\pipe\sbt-load-1608107972666842151_lock, error 5
2023.11.12 07:16:58 ERROR 	at org.scalasbt.ipcsocket.Win32NamedPipeServerSocket.<init>(Win32NamedPipeServerSocket.java:129)
2023.11.12 07:16:58 ERROR 	at org.scalasbt.ipcsocket.Win32NamedPipeServerSocket.<init>(Win32NamedPipeServerSocket.java:48)
2023.11.12 07:16:58 ERROR 	at sbt.internal.BootServerSocket.newSocket(BootServerSocket.java:351)
2023.11.12 07:16:58 ERROR 	... 23 more
2023.11.12 07:16:58 INFO  time: ran 'sbt bloopInstall' in 8.27s
2023.11.12 07:16:58 ERROR sbt command failed: C:\Program Files\Java\jdk-11.0.10\bin\java.exe -Djline.terminal=jline.UnsupportedTerminal -Dsbt.log.noformat=true -Dfile.encoding=UTF-8 -jar C:\Users\sujee\AppData\Local\Temp\metals10714997025557960455\sbt-launch.jar -Dbloop.export-jar-classifiers=sources bloopInstall
2023.11.12 07:20:51 INFO  time: code lens generation in 2.42s
2023.11.12 07:20:51 INFO  time: code lens generation in 1.68s
Nov 12, 2023 7:20:52 AM org.eclipse.lsp4j.jsonrpc.RemoteEndpoint handleCancellation
WARNING: Unmatched cancel notification for request id 31
2023.11.12 07:21:09 INFO  Shutting down server
2023.11.12 07:21:09 INFO  shutting down Metals
2023.11.12 07:21:09 INFO  Exiting server
